---- STDOUT ----
This is XeTeX, Version 3.141592653-2.6-0.999994 (TeX Live 2022/Debian) (preloaded format=xelatex)
 restricted \write18 enabled.
entering extended mode
(./Results.tex
LaTeX2e <2022-11-01> patch level 1
L3 programming layer <2023-01-16>
(/usr/share/texlive/texmf-dist/tex/latex/base/article.cls
Document Class: article 2022/07/02 v1.4n Standard LaTeX document class
(/usr/share/texlive/texmf-dist/tex/latex/base/size10.clo))
(/usr/share/texlive/texmf-dist/tex/latex/amsmath/amsmath.sty
For additional information on amsmath, use the `?' option.
(/usr/share/texlive/texmf-dist/tex/latex/amsmath/amstext.sty
(/usr/share/texlive/texmf-dist/tex/latex/amsmath/amsgen.sty))
(/usr/share/texlive/texmf-dist/tex/latex/amsmath/amsbsy.sty)
(/usr/share/texlive/texmf-dist/tex/latex/amsmath/amsopn.sty))
(/usr/share/texlive/texmf-dist/tex/latex/multirow/multirow.sty)
(/usr/share/texlive/texmf-dist/tex/latex/natbib/natbib.sty)
(/usr/share/texlive/texmf-dist/tex/latex/graphics/graphicx.sty
(/usr/share/texlive/texmf-dist/tex/latex/graphics/keyval.sty)
(/usr/share/texlive/texmf-dist/tex/latex/graphics/graphics.sty
(/usr/share/texlive/texmf-dist/tex/latex/graphics/trig.sty)
(/usr/share/texlive/texmf-dist/tex/latex/graphics-cfg/graphics.cfg)
(/usr/share/texlive/texmf-dist/tex/latex/graphics-def/xetex.def)))
(/usr/share/texlive/texmf-dist/tex/latex/l3backend/l3backend-xetex.def)
No file Results.aux.
(/usr/share/texlive/texmf-dist/tex/latex/base/ts1cmr.fd)

LaTeX Warning: Reference `fig:mape_vs_snr' on page 1 undefined on input line 14
.


LaTeX Warning: File `../input_files/plots/mape_vs_snr.pdf' not found on input l
ine 20.

! Unable to load picture or PDF file '../input_files/plots/mape_vs_snr.pdf'.
<to be read again> 
                   }
l.20 ...dth]{../input_files/plots/mape_vs_snr.pdf}
                                                  
? 
! Package graphics Error: Division by 0.

See the graphics package documentation for explanation.
Type  H <return>  for immediate help.
 ...                                              
                                                  
l.20 ...dth]{../input_files/plots/mape_vs_snr.pdf}
                                                  
? 
! Emergency stop.
 ...                                              
                                                  
l.20 ...dth]{../input_files/plots/mape_vs_snr.pdf}
                                                  
No pages of output.
Transcript written on Results.log.
---- STDERR ----
